  BowersHeightWeight.cpp
d:\documents\visual studio 2017\projects\bowersheightweight\bowersheightweight\bowersheightweight.cpp(66): error C2039: 'random_device': is not a member of 'std'
  d:\documents\visual studio 2017\projects\bowersheightweight\bowersheightweight\predefined c++ types (compiler internal)(208): note: see declaration of 'std'
d:\documents\visual studio 2017\projects\bowersheightweight\bowersheightweight\bowersheightweight.cpp(66): error C2065: 'random_device': undeclared identifier
d:\documents\visual studio 2017\projects\bowersheightweight\bowersheightweight\bowersheightweight.cpp(66): error C2146: syntax error: missing ';' before identifier 'generator'
d:\documents\visual studio 2017\projects\bowersheightweight\bowersheightweight\bowersheightweight.cpp(66): error C2065: 'generator': undeclared identifier
d:\documents\visual studio 2017\projects\bowersheightweight\bowersheightweight\bowersheightweight.cpp(67): error C2039: 'normal_distribution': is not a member of 'std'
  d:\documents\visual studio 2017\projects\bowersheightweight\bowersheightweight\predefined c++ types (compiler internal)(208): note: see declaration of 'std'
d:\documents\visual studio 2017\projects\bowersheightweight\bowersheightweight\bowersheightweight.cpp(67): error C2065: 'normal_distribution': undeclared identifier
d:\documents\visual studio 2017\projects\bowersheightweight\bowersheightweight\bowersheightweight.cpp(67): error C2062: type 'double' unexpected
d:\documents\visual studio 2017\projects\bowersheightweight\bowersheightweight\bowersheightweight.cpp(67): error C2143: syntax error: missing ';' before '{'
d:\documents\visual studio 2017\projects\bowersheightweight\bowersheightweight\bowersheightweight.cpp(67): error C2143: syntax error: missing ';' before '}'
d:\documents\visual studio 2017\projects\bowersheightweight\bowersheightweight\bowersheightweight.cpp(70): error C2065: 'generator': undeclared identifier
d:\documents\visual studio 2017\projects\bowersheightweight\bowersheightweight\bowersheightweight.cpp(70): error C3861: 'distribution': identifier not found
d:\documents\visual studio 2017\projects\bowersheightweight\bowersheightweight\bowersheightweight.cpp(71): error C2065: 'generator': undeclared identifier
d:\documents\visual studio 2017\projects\bowersheightweight\bowersheightweight\bowersheightweight.cpp(71): error C3861: 'distribution': identifier not found
d:\documents\visual studio 2017\projects\bowersheightweight\bowersheightweight\bowersheightweight.cpp(72): error C2065: 'generator': undeclared identifier
d:\documents\visual studio 2017\projects\bowersheightweight\bowersheightweight\bowersheightweight.cpp(72): error C3861: 'distribution': identifier not found
d:\documents\visual studio 2017\projects\bowersheightweight\bowersheightweight\bowersheightweight.cpp(73): error C2065: 'generator': undeclared identifier
d:\documents\visual studio 2017\projects\bowersheightweight\bowersheightweight\bowersheightweight.cpp(73): error C3861: 'distribution': identifier not found
d:\documents\visual studio 2017\projects\bowersheightweight\bowersheightweight\bowersheightweight.cpp(76): error C2039: 'cout': is not a member of 'std'
  d:\documents\visual studio 2017\projects\bowersheightweight\bowersheightweight\predefined c++ types (compiler internal)(208): note: see declaration of 'std'
d:\documents\visual studio 2017\projects\bowersheightweight\bowersheightweight\bowersheightweight.cpp(76): error C2065: 'cout': undeclared identifier
